Loading MLX 14B + adapter… (reads ~15GB)
Model ready.
* Running on local URL:  http://127.0.0.1:7861
* Running on public URL: https://b46c6a069ff213d94b.gradio.live

This share link is temporary and will last for up to 1 week (best effort). For free permanent hosting and GPU upgrades, run `gradio deploy` from the terminal in the working directory to deploy to Hugging Face Spaces (https://huggingface.co/spaces)
/Users/surya/Desktop/projects/georgia-ev-finetune/.venv/lib/python3.13/site-packages/gradio/routes.py:1379: StarletteDeprecationWarning: 'HTTP_422_UNPROCESSABLE_ENTITY' is deprecated. Use 'HTTP_422_UNPROCESSABLE_CONTENT' instead.
  return await queue_join_helper(body, request, username)
/Users/surya/Desktop/projects/georgia-ev-finetune/.venv/lib/python3.13/site-packages/gradio/routes.py:1379: StarletteDeprecationWarning: 'HTTP_422_UNPROCESSABLE_ENTITY' is deprecated. Use 'HTTP_422_UNPROCESSABLE_CONTENT' instead.
  return await queue_join_helper(body, request, username)
/Users/surya/Desktop/projects/georgia-ev-finetune/.venv/lib/python3.13/site-packages/gradio/routes.py:1379: StarletteDeprecationWarning: 'HTTP_422_UNPROCESSABLE_ENTITY' is deprecated. Use 'HTTP_422_UNPROCESSABLE_CONTENT' instead.
  return await queue_join_helper(body, request, username)
/Users/surya/Desktop/projects/georgia-ev-finetune/.venv/lib/python3.13/site-packages/gradio/routes.py:1379: StarletteDeprecationWarning: 'HTTP_422_UNPROCESSABLE_ENTITY' is deprecated. Use 'HTTP_422_UNPROCESSABLE_CONTENT' instead.
  return await queue_join_helper(body, request, username)
/Users/surya/Desktop/projects/georgia-ev-finetune/.venv/lib/python3.13/site-packages/gradio/routes.py:1379: StarletteDeprecationWarning: 'HTTP_422_UNPROCESSABLE_ENTITY' is deprecated. Use 'HTTP_422_UNPROCESSABLE_CONTENT' instead.
  return await queue_join_helper(body, request, username)
/Users/surya/Desktop/projects/georgia-ev-finetune/.venv/lib/python3.13/site-packages/gradio/routes.py:1379: StarletteDeprecationWarning: 'HTTP_422_UNPROCESSABLE_ENTITY' is deprecated. Use 'HTTP_422_UNPROCESSABLE_CONTENT' instead.
  return await queue_join_helper(body, request, username)
/Users/surya/Desktop/projects/georgia-ev-finetune/.venv/lib/python3.13/site-packages/gradio/routes.py:1379: StarletteDeprecationWarning: 'HTTP_422_UNPROCESSABLE_ENTITY' is deprecated. Use 'HTTP_422_UNPROCESSABLE_CONTENT' instead.
  return await queue_join_helper(body, request, username)
/Users/surya/Desktop/projects/georgia-ev-finetune/.venv/lib/python3.13/site-packages/gradio/routes.py:1379: StarletteDeprecationWarning: 'HTTP_422_UNPROCESSABLE_ENTITY' is deprecated. Use 'HTTP_422_UNPROCESSABLE_CONTENT' instead.
  return await queue_join_helper(body, request, username)
/Users/surya/Desktop/projects/georgia-ev-finetune/.venv/lib/python3.13/site-packages/gradio/routes.py:1379: StarletteDeprecationWarning: 'HTTP_422_UNPROCESSABLE_ENTITY' is deprecated. Use 'HTTP_422_UNPROCESSABLE_CONTENT' instead.
  return await queue_join_helper(body, request, username)
/Users/surya/Desktop/projects/georgia-ev-finetune/.venv/lib/python3.13/site-packages/gradio/routes.py:1379: StarletteDeprecationWarning: 'HTTP_422_UNPROCESSABLE_ENTITY' is deprecated. Use 'HTTP_422_UNPROCESSABLE_CONTENT' instead.
  return await queue_join_helper(body, request, username)
/Users/surya/Desktop/projects/georgia-ev-finetune/.venv/lib/python3.13/site-packages/gradio/routes.py:1379: StarletteDeprecationWarning: 'HTTP_422_UNPROCESSABLE_ENTITY' is deprecated. Use 'HTTP_422_UNPROCESSABLE_CONTENT' instead.
  return await queue_join_helper(body, request, username)
/Users/surya/Desktop/projects/georgia-ev-finetune/.venv/lib/python3.13/site-packages/gradio/routes.py:1379: StarletteDeprecationWarning: 'HTTP_422_UNPROCESSABLE_ENTITY' is deprecated. Use 'HTTP_422_UNPROCESSABLE_CONTENT' instead.
  return await queue_join_helper(body, request, username)
/Users/surya/Desktop/projects/georgia-ev-finetune/.venv/lib/python3.13/site-packages/gradio/routes.py:1379: StarletteDeprecationWarning: 'HTTP_422_UNPROCESSABLE_ENTITY' is deprecated. Use 'HTTP_422_UNPROCESSABLE_CONTENT' instead.
  return await queue_join_helper(body, request, username)
/Users/surya/Desktop/projects/georgia-ev-finetune/.venv/lib/python3.13/site-packages/gradio/routes.py:1379: StarletteDeprecationWarning: 'HTTP_422_UNPROCESSABLE_ENTITY' is deprecated. Use 'HTTP_422_UNPROCESSABLE_CONTENT' instead.
  return await queue_join_helper(body, request, username)
/Users/surya/Desktop/projects/georgia-ev-finetune/.venv/lib/python3.13/site-packages/gradio/routes.py:1379: StarletteDeprecationWarning: 'HTTP_422_UNPROCESSABLE_ENTITY' is deprecated. Use 'HTTP_422_UNPROCESSABLE_CONTENT' instead.
  return await queue_join_helper(body, request, username)
/Users/surya/Desktop/projects/georgia-ev-finetune/.venv/lib/python3.13/site-packages/gradio/routes.py:1379: StarletteDeprecationWarning: 'HTTP_422_UNPROCESSABLE_ENTITY' is deprecated. Use 'HTTP_422_UNPROCESSABLE_CONTENT' instead.
  return await queue_join_helper(body, request, username)
/Users/surya/Desktop/projects/georgia-ev-finetune/.venv/lib/python3.13/site-packages/gradio/routes.py:1379: StarletteDeprecationWarning: 'HTTP_422_UNPROCESSABLE_ENTITY' is deprecated. Use 'HTTP_422_UNPROCESSABLE_CONTENT' instead.
  return await queue_join_helper(body, request, username)
/Users/surya/Desktop/projects/georgia-ev-finetune/.venv/lib/python3.13/site-packages/gradio/routes.py:1379: StarletteDeprecationWarning: 'HTTP_422_UNPROCESSABLE_ENTITY' is deprecated. Use 'HTTP_422_UNPROCESSABLE_CONTENT' instead.
  return await queue_join_helper(body, request, username)
/Users/surya/Desktop/projects/georgia-ev-finetune/.venv/lib/python3.13/site-packages/gradio/routes.py:1379: StarletteDeprecationWarning: 'HTTP_422_UNPROCESSABLE_ENTITY' is deprecated. Use 'HTTP_422_UNPROCESSABLE_CONTENT' instead.
  return await queue_join_helper(body, request, username)
/Users/surya/Desktop/projects/georgia-ev-finetune/.venv/lib/python3.13/site-packages/gradio/routes.py:1379: StarletteDeprecationWarning: 'HTTP_422_UNPROCESSABLE_ENTITY' is deprecated. Use 'HTTP_422_UNPROCESSABLE_CONTENT' instead.
  return await queue_join_helper(body, request, username)
/Users/surya/Desktop/projects/georgia-ev-finetune/.venv/lib/python3.13/site-packages/gradio/routes.py:1379: StarletteDeprecationWarning: 'HTTP_422_UNPROCESSABLE_ENTITY' is deprecated. Use 'HTTP_422_UNPROCESSABLE_CONTENT' instead.
  return await queue_join_helper(body, request, username)
/Users/surya/Desktop/projects/georgia-ev-finetune/.venv/lib/python3.13/site-packages/gradio/routes.py:1379: StarletteDeprecationWarning: 'HTTP_422_UNPROCESSABLE_ENTITY' is deprecated. Use 'HTTP_422_UNPROCESSABLE_CONTENT' instead.
  return await queue_join_helper(body, request, username)
/Users/surya/Desktop/projects/georgia-ev-finetune/.venv/lib/python3.13/site-packages/gradio/routes.py:1379: StarletteDeprecationWarning: 'HTTP_422_UNPROCESSABLE_ENTITY' is deprecated. Use 'HTTP_422_UNPROCESSABLE_CONTENT' instead.
  return await queue_join_helper(body, request, username)
/Users/surya/Desktop/projects/georgia-ev-finetune/.venv/lib/python3.13/site-packages/gradio/routes.py:1379: StarletteDeprecationWarning: 'HTTP_422_UNPROCESSABLE_ENTITY' is deprecated. Use 'HTTP_422_UNPROCESSABLE_CONTENT' instead.
  return await queue_join_helper(body, request, username)
/Users/surya/Desktop/projects/georgia-ev-finetune/.venv/lib/python3.13/site-packages/gradio/routes.py:1379: StarletteDeprecationWarning: 'HTTP_422_UNPROCESSABLE_ENTITY' is deprecated. Use 'HTTP_422_UNPROCESSABLE_CONTENT' instead.
  return await queue_join_helper(body, request, username)
/Users/surya/Desktop/projects/georgia-ev-finetune/.venv/lib/python3.13/site-packages/gradio/routes.py:1379: StarletteDeprecationWarning: 'HTTP_422_UNPROCESSABLE_ENTITY' is deprecated. Use 'HTTP_422_UNPROCESSABLE_CONTENT' instead.
  return await queue_join_helper(body, request, username)
/Users/surya/Desktop/projects/georgia-ev-finetune/.venv/lib/python3.13/site-packages/gradio/routes.py:1379: StarletteDeprecationWarning: 'HTTP_422_UNPROCESSABLE_ENTITY' is deprecated. Use 'HTTP_422_UNPROCESSABLE_CONTENT' instead.
  return await queue_join_helper(body, request, username)
/Users/surya/Desktop/projects/georgia-ev-finetune/.venv/lib/python3.13/site-packages/gradio/routes.py:1379: StarletteDeprecationWarning: 'HTTP_422_UNPROCESSABLE_ENTITY' is deprecated. Use 'HTTP_422_UNPROCESSABLE_CONTENT' instead.
  return await queue_join_helper(body, request, username)
/Users/surya/Desktop/projects/georgia-ev-finetune/.venv/lib/python3.13/site-packages/gradio/routes.py:1379: StarletteDeprecationWarning: 'HTTP_422_UNPROCESSABLE_ENTITY' is deprecated. Use 'HTTP_422_UNPROCESSABLE_CONTENT' instead.
  return await queue_join_helper(body, request, username)
/Users/surya/Desktop/projects/georgia-ev-finetune/.venv/lib/python3.13/site-packages/gradio/routes.py:1379: StarletteDeprecationWarning: 'HTTP_422_UNPROCESSABLE_ENTITY' is deprecated. Use 'HTTP_422_UNPROCESSABLE_CONTENT' instead.
  return await queue_join_helper(body, request, username)
/Users/surya/Desktop/projects/georgia-ev-finetune/.venv/lib/python3.13/site-packages/gradio/routes.py:1379: StarletteDeprecationWarning: 'HTTP_422_UNPROCESSABLE_ENTITY' is deprecated. Use 'HTTP_422_UNPROCESSABLE_CONTENT' instead.
  return await queue_join_helper(body, request, username)
/Users/surya/Desktop/projects/georgia-ev-finetune/.venv/lib/python3.13/site-packages/gradio/routes.py:1379: StarletteDeprecationWarning: 'HTTP_422_UNPROCESSABLE_ENTITY' is deprecated. Use 'HTTP_422_UNPROCESSABLE_CONTENT' instead.
  return await queue_join_helper(body, request, username)
/Users/surya/Desktop/projects/georgia-ev-finetune/.venv/lib/python3.13/site-packages/gradio/routes.py:1379: StarletteDeprecationWarning: 'HTTP_422_UNPROCESSABLE_ENTITY' is deprecated. Use 'HTTP_422_UNPROCESSABLE_CONTENT' instead.
  return await queue_join_helper(body, request, username)
/Users/surya/Desktop/projects/georgia-ev-finetune/.venv/lib/python3.13/site-packages/gradio/routes.py:1379: StarletteDeprecationWarning: 'HTTP_422_UNPROCESSABLE_ENTITY' is deprecated. Use 'HTTP_422_UNPROCESSABLE_CONTENT' instead.
  return await queue_join_helper(body, request, username)
/Users/surya/Desktop/projects/georgia-ev-finetune/.venv/lib/python3.13/site-packages/gradio/routes.py:1379: StarletteDeprecationWarning: 'HTTP_422_UNPROCESSABLE_ENTITY' is deprecated. Use 'HTTP_422_UNPROCESSABLE_CONTENT' instead.
  return await queue_join_helper(body, request, username)
/Users/surya/Desktop/projects/georgia-ev-finetune/.venv/lib/python3.13/site-packages/gradio/routes.py:1379: StarletteDeprecationWarning: 'HTTP_422_UNPROCESSABLE_ENTITY' is deprecated. Use 'HTTP_422_UNPROCESSABLE_CONTENT' instead.
  return await queue_join_helper(body, request, username)
/Users/surya/Desktop/projects/georgia-ev-finetune/.venv/lib/python3.13/site-packages/gradio/routes.py:1379: StarletteDeprecationWarning: 'HTTP_422_UNPROCESSABLE_ENTITY' is deprecated. Use 'HTTP_422_UNPROCESSABLE_CONTENT' instead.
  return await queue_join_helper(body, request, username)
/Users/surya/Desktop/projects/georgia-ev-finetune/.venv/lib/python3.13/site-packages/gradio/routes.py:1379: StarletteDeprecationWarning: 'HTTP_422_UNPROCESSABLE_ENTITY' is deprecated. Use 'HTTP_422_UNPROCESSABLE_CONTENT' instead.
  return await queue_join_helper(body, request, username)
/Users/surya/Desktop/projects/georgia-ev-finetune/.venv/lib/python3.13/site-packages/gradio/routes.py:1379: StarletteDeprecationWarning: 'HTTP_422_UNPROCESSABLE_ENTITY' is deprecated. Use 'HTTP_422_UNPROCESSABLE_CONTENT' instead.
  return await queue_join_helper(body, request, username)
/Users/surya/Desktop/projects/georgia-ev-finetune/.venv/lib/python3.13/site-packages/gradio/routes.py:1379: StarletteDeprecationWarning: 'HTTP_422_UNPROCESSABLE_ENTITY' is deprecated. Use 'HTTP_422_UNPROCESSABLE_CONTENT' instead.
  return await queue_join_helper(body, request, username)
/Users/surya/Desktop/projects/georgia-ev-finetune/.venv/lib/python3.13/site-packages/gradio/routes.py:1379: StarletteDeprecationWarning: 'HTTP_422_UNPROCESSABLE_ENTITY' is deprecated. Use 'HTTP_422_UNPROCESSABLE_CONTENT' instead.
  return await queue_join_helper(body, request, username)
/Users/surya/Desktop/projects/georgia-ev-finetune/.venv/lib/python3.13/site-packages/gradio/routes.py:1379: StarletteDeprecationWarning: 'HTTP_422_UNPROCESSABLE_ENTITY' is deprecated. Use 'HTTP_422_UNPROCESSABLE_CONTENT' instead.
  return await queue_join_helper(body, request, username)
/Users/surya/Desktop/projects/georgia-ev-finetune/.venv/lib/python3.13/site-packages/gradio/routes.py:1379: StarletteDeprecationWarning: 'HTTP_422_UNPROCESSABLE_ENTITY' is deprecated. Use 'HTTP_422_UNPROCESSABLE_CONTENT' instead.
  return await queue_join_helper(body, request, username)
/Users/surya/Desktop/projects/georgia-ev-finetune/.venv/lib/python3.13/site-packages/gradio/routes.py:1379: StarletteDeprecationWarning: 'HTTP_422_UNPROCESSABLE_ENTITY' is deprecated. Use 'HTTP_422_UNPROCESSABLE_CONTENT' instead.
  return await queue_join_helper(body, request, username)
/Users/surya/Desktop/projects/georgia-ev-finetune/.venv/lib/python3.13/site-packages/gradio/routes.py:1379: StarletteDeprecationWarning: 'HTTP_422_UNPROCESSABLE_ENTITY' is deprecated. Use 'HTTP_422_UNPROCESSABLE_CONTENT' instead.
  return await queue_join_helper(body, request, username)
/Users/surya/Desktop/projects/georgia-ev-finetune/.venv/lib/python3.13/site-packages/gradio/routes.py:1379: StarletteDeprecationWarning: 'HTTP_422_UNPROCESSABLE_ENTITY' is deprecated. Use 'HTTP_422_UNPROCESSABLE_CONTENT' instead.
  return await queue_join_helper(body, request, username)
/Users/surya/Desktop/projects/georgia-ev-finetune/.venv/lib/python3.13/site-packages/gradio/routes.py:1379: StarletteDeprecationWarning: 'HTTP_422_UNPROCESSABLE_ENTITY' is deprecated. Use 'HTTP_422_UNPROCESSABLE_CONTENT' instead.
  return await queue_join_helper(body, request, username)
/Users/surya/Desktop/projects/georgia-ev-finetune/.venv/lib/python3.13/site-packages/gradio/routes.py:1379: StarletteDeprecationWarning: 'HTTP_422_UNPROCESSABLE_ENTITY' is deprecated. Use 'HTTP_422_UNPROCESSABLE_CONTENT' instead.
  return await queue_join_helper(body, request, username)
/Users/surya/Desktop/projects/georgia-ev-finetune/.venv/lib/python3.13/site-packages/gradio/routes.py:1379: StarletteDeprecationWarning: 'HTTP_422_UNPROCESSABLE_ENTITY' is deprecated. Use 'HTTP_422_UNPROCESSABLE_CONTENT' instead.
  return await queue_join_helper(body, request, username)
/Users/surya/Desktop/projects/georgia-ev-finetune/.venv/lib/python3.13/site-packages/gradio/routes.py:1379: StarletteDeprecationWarning: 'HTTP_422_UNPROCESSABLE_ENTITY' is deprecated. Use 'HTTP_422_UNPROCESSABLE_CONTENT' instead.
  return await queue_join_helper(body, request, username)
/Users/surya/Desktop/projects/georgia-ev-finetune/.venv/lib/python3.13/site-packages/gradio/routes.py:1379: StarletteDeprecationWarning: 'HTTP_422_UNPROCESSABLE_ENTITY' is deprecated. Use 'HTTP_422_UNPROCESSABLE_CONTENT' instead.
  return await queue_join_helper(body, request, username)
/Users/surya/Desktop/projects/georgia-ev-finetune/.venv/lib/python3.13/site-packages/gradio/routes.py:1379: StarletteDeprecationWarning: 'HTTP_422_UNPROCESSABLE_ENTITY' is deprecated. Use 'HTTP_422_UNPROCESSABLE_CONTENT' instead.
  return await queue_join_helper(body, request, username)
/Users/surya/Desktop/projects/georgia-ev-finetune/.venv/lib/python3.13/site-packages/gradio/routes.py:1379: StarletteDeprecationWarning: 'HTTP_422_UNPROCESSABLE_ENTITY' is deprecated. Use 'HTTP_422_UNPROCESSABLE_CONTENT' instead.
  return await queue_join_helper(body, request, username)
/Users/surya/Desktop/projects/georgia-ev-finetune/.venv/lib/python3.13/site-packages/gradio/routes.py:1379: StarletteDeprecationWarning: 'HTTP_422_UNPROCESSABLE_ENTITY' is deprecated. Use 'HTTP_422_UNPROCESSABLE_CONTENT' instead.
  return await queue_join_helper(body, request, username)
/Users/surya/Desktop/projects/georgia-ev-finetune/.venv/lib/python3.13/site-packages/gradio/routes.py:1379: StarletteDeprecationWarning: 'HTTP_422_UNPROCESSABLE_ENTITY' is deprecated. Use 'HTTP_422_UNPROCESSABLE_CONTENT' instead.
  return await queue_join_helper(body, request, username)
/Users/surya/Desktop/projects/georgia-ev-finetune/.venv/lib/python3.13/site-packages/gradio/routes.py:1379: StarletteDeprecationWarning: 'HTTP_422_UNPROCESSABLE_ENTITY' is deprecated. Use 'HTTP_422_UNPROCESSABLE_CONTENT' instead.
  return await queue_join_helper(body, request, username)
/Users/surya/Desktop/projects/georgia-ev-finetune/.venv/lib/python3.13/site-packages/gradio/routes.py:1379: StarletteDeprecationWarning: 'HTTP_422_UNPROCESSABLE_ENTITY' is deprecated. Use 'HTTP_422_UNPROCESSABLE_CONTENT' instead.
  return await queue_join_helper(body, request, username)
/Users/surya/Desktop/projects/georgia-ev-finetune/.venv/lib/python3.13/site-packages/gradio/routes.py:1379: StarletteDeprecationWarning: 'HTTP_422_UNPROCESSABLE_ENTITY' is deprecated. Use 'HTTP_422_UNPROCESSABLE_CONTENT' instead.
  return await queue_join_helper(body, request, username)
/Users/surya/Desktop/projects/georgia-ev-finetune/.venv/lib/python3.13/site-packages/gradio/routes.py:1379: StarletteDeprecationWarning: 'HTTP_422_UNPROCESSABLE_ENTITY' is deprecated. Use 'HTTP_422_UNPROCESSABLE_CONTENT' instead.
  return await queue_join_helper(body, request, username)
/Users/surya/Desktop/projects/georgia-ev-finetune/.venv/lib/python3.13/site-packages/gradio/routes.py:1379: StarletteDeprecationWarning: 'HTTP_422_UNPROCESSABLE_ENTITY' is deprecated. Use 'HTTP_422_UNPROCESSABLE_CONTENT' instead.
  return await queue_join_helper(body, request, username)
/Users/surya/Desktop/projects/georgia-ev-finetune/.venv/lib/python3.13/site-packages/gradio/routes.py:1379: StarletteDeprecationWarning: 'HTTP_422_UNPROCESSABLE_ENTITY' is deprecated. Use 'HTTP_422_UNPROCESSABLE_CONTENT' instead.
  return await queue_join_helper(body, request, username)
/Users/surya/Desktop/projects/georgia-ev-finetune/.venv/lib/python3.13/site-packages/gradio/routes.py:1379: StarletteDeprecationWarning: 'HTTP_422_UNPROCESSABLE_ENTITY' is deprecated. Use 'HTTP_422_UNPROCESSABLE_CONTENT' instead.
  return await queue_join_helper(body, request, username)
/Users/surya/Desktop/projects/georgia-ev-finetune/.venv/lib/python3.13/site-packages/gradio/routes.py:1379: StarletteDeprecationWarning: 'HTTP_422_UNPROCESSABLE_ENTITY' is deprecated. Use 'HTTP_422_UNPROCESSABLE_CONTENT' instead.
  return await queue_join_helper(body, request, username)
/Users/surya/Desktop/projects/georgia-ev-finetune/.venv/lib/python3.13/site-packages/gradio/routes.py:1379: StarletteDeprecationWarning: 'HTTP_422_UNPROCESSABLE_ENTITY' is deprecated. Use 'HTTP_422_UNPROCESSABLE_CONTENT' instead.
  return await queue_join_helper(body, request, username)
/Users/surya/Desktop/projects/georgia-ev-finetune/.venv/lib/python3.13/site-packages/gradio/routes.py:1379: StarletteDeprecationWarning: 'HTTP_422_UNPROCESSABLE_ENTITY' is deprecated. Use 'HTTP_422_UNPROCESSABLE_CONTENT' instead.
  return await queue_join_helper(body, request, username)
/Users/surya/Desktop/projects/georgia-ev-finetune/.venv/lib/python3.13/site-packages/gradio/routes.py:1379: StarletteDeprecationWarning: 'HTTP_422_UNPROCESSABLE_ENTITY' is deprecated. Use 'HTTP_422_UNPROCESSABLE_CONTENT' instead.
  return await queue_join_helper(body, request, username)
/Users/surya/Desktop/projects/georgia-ev-finetune/.venv/lib/python3.13/site-packages/gradio/routes.py:1379: StarletteDeprecationWarning: 'HTTP_422_UNPROCESSABLE_ENTITY' is deprecated. Use 'HTTP_422_UNPROCESSABLE_CONTENT' instead.
  return await queue_join_helper(body, request, username)
/Users/surya/Desktop/projects/georgia-ev-finetune/.venv/lib/python3.13/site-packages/gradio/routes.py:1379: StarletteDeprecationWarning: 'HTTP_422_UNPROCESSABLE_ENTITY' is deprecated. Use 'HTTP_422_UNPROCESSABLE_CONTENT' instead.
  return await queue_join_helper(body, request, username)
